{
  "stage": "12.20D",
  "name": "four_flag_true_bounded_continuous_zero_safe_streaming_runtime_regression",
  "pass": false,
  "fail_reasons": [
    "parameter set log does not show successful four-flag activation",
    "stream message count not in 1..30: 0",
    "not all stream payloads have length 12: lengths=[]",
    "not all stream payload values are finite",
    "not all stream payload values are zero-safe"
  ],
  "node_seen": true,
  "stream_echo_returncode": 124,
  "stream_message_count": 0,
  "stream_message_count_in_1_to_30": false,
  "stream_payload_lengths": [],
  "all_stream_payloads_length_12": false,
  "all_stream_payload_values_finite": false,
  "all_stream_payload_values_zero_safe": false,
  "param_set_ok": false,
  "final_flags_false": true,
  "after_stop_echo_returncode": 124,
  "after_stop_echo_timeout": true,
  "after_stop_echo_has_data": false,
  "torque_enable_ready": false,
  "torque_publisher_enabled": false,
  "hardware_deployment_completed": false,
  "control_law_changed": false,
  "logs": {
    "stream_echo_log": "/home/zanshi/robot-mpc-wbc-locomotion/results/logs_sample/stage12_20d_stream_echo.log",
    "after_stop_echo_log": "/home/zanshi/robot-mpc-wbc-locomotion/results/logs_sample/stage12_20d_after_stop_echo.log",
    "param_set_log": "/home/zanshi/robot-mpc-wbc-locomotion/results/logs_sample/stage12_20d_param_set.log",
    "param_final_log": "/home/zanshi/robot-mpc-wbc-locomotion/results/logs_sample/stage12_20d_param_final.log",
    "node_log": "/home/zanshi/robot-mpc-wbc-locomotion/results/logs_sample/stage12_20d_node.log",
    "node_list_log": "/home/zanshi/robot-mpc-wbc-locomotion/results/logs_sample/stage12_20d_node_list.log"
  }
}
