{
  "stage": "13.5A",
  "name": "mujoco_offscreen_rollout_demo_video",
  "timestamp": "2026-06-04T11:04:56",
  "pass": false,
  "fail_reasons": [
    "ValueError('Image width 1280 > framebuffer width 640. Either reduce the image\\nwidth or specify a larger offscreen framebuffer in the model XML using the\\nclause:\\n<visual>\\n  <global offwidth=\"my_width\"/>\\n</visual>')",
    "no frames rendered",
    "video file missing or empty"
  ],
  "simulation_only_project": true,
  "hardware_deployment_scope": "out_of_scope_by_user_constraint",
  "hardware_deployment_completed": false,
  "torque_enable_ready": false,
  "torque_publisher_enabled": false,
  "control_law_changed": false,
  "baseline_type": "mixed_online_control_baseline",
  "method": "MuJoCo offscreen rendering + policy rollout + raw RGB pipe to ffmpeg",
  "mujoco_gl_backend": "egl",
  "runner": "/home/zanshi/robot-mpc-wbc-locomotion/scripts/stage13_2_2400step_simulation_only_mixed_baseline_runner.py",
  "video_path": "/home/zanshi/robot-mpc-wbc-locomotion/demo_videos/stage13_5a_mujoco_offscreen_2400step_mixed_baseline_demo.mp4",
  "video_exists": false,
  "video_size_bytes": null,
  "width": 1280,
  "height": 720,
  "fps": 60,
  "render_every": 1,
  "frames_rendered": 0,
  "ffmpeg_returncode": null,
  "ffmpeg_stderr_tail": "",
  "demo_rollout_log": "/home/zanshi/robot-mpc-wbc-locomotion/results/logs_sample/stage13_5a_video_rollout_mixed_baseline_log.csv",
  "demo_rollout_summary_csv": "/home/zanshi/robot-mpc-wbc-locomotion/results/logs_sample/stage13_5a_video_rollout_mixed_baseline_summary.csv",
  "exception_text": "Traceback (most recent call last):\n  File \"/home/zanshi/robot-mpc-wbc-locomotion/scripts/stage13_5a_mujoco_offscreen_rollout_demo_video.py\", line 236, in child_main\n    mod.main()\n  File \"/home/zanshi/robot-mpc-wbc-locomotion/scripts/stage13_2_2400step_simulation_only_mixed_baseline_runner.py\", line 200, in main\n    mujoco.mj_step(model, data)\n  File \"/home/zanshi/robot-mpc-wbc-locomotion/scripts/stage13_5a_mujoco_offscreen_rollout_demo_video.py\", line 224, in wrapped_mj_step\n    recorder.render_after_step(model, data, mujoco)\n  File \"/home/zanshi/robot-mpc-wbc-locomotion/scripts/stage13_5a_mujoco_offscreen_rollout_demo_video.py\", line 150, in render_after_step\n    self.start(model, mujoco)\n  File \"/home/zanshi/robot-mpc-wbc-locomotion/scripts/stage13_5a_mujoco_offscreen_rollout_demo_video.py\", line 115, in start\n    self.renderer = mujoco.Renderer(model, height=self.args.height, width=self.args.width)\n                    ^^^^^^^^^^^^^^^^^^^^^^^^^^^^^^^^^^^^^^^^^^^^^^^^^^^^^^^^^^^^^^^^^^^^^^\n  File \"/home/zanshi/.local/lib/python3.12/site-packages/mujoco/rendering/classic/renderer.py\", line 60, in __init__\n    raise ValueError(f\"\"\"\nValueError: Image width 1280 > framebuffer width 640. Either reduce the image\nwidth or specify a larger offscreen framebuffer in the model XML using the\nclause:\n<visual>\n  <global offwidth=\"my_width\"/>\n</visual>\n"
}
