{
  "stage": "13.5A-R1",
  "name": "mujoco_offscreen_rollout_video_640fb",
  "timestamp": "2026-06-04T11:13:50",
  "pass": false,
  "fail_reasons": [
    "BrokenPipeError(32, 'Broken pipe')",
    "ffmpeg returned nonzero: 234",
    "video file missing or empty"
  ],
  "simulation_only_project": true,
  "hardware_deployment_scope": "out_of_scope_by_user_constraint",
  "hardware_deployment_completed": false,
  "torque_enable_ready": false,
  "torque_publisher_enabled": false,
  "control_law_changed": false,
  "baseline_type": "mixed_online_control_baseline",
  "method": "MuJoCo offscreen rendering at 640x480 + policy rollout + raw RGB pipe to ffmpeg + 720p encode",
  "mujoco_gl_backend": "glfw",
  "runner": "/home/zanshi/robot-mpc-wbc-locomotion/scripts/stage13_2_2400step_simulation_only_mixed_baseline_runner.py",
  "video_path": "/home/zanshi/robot-mpc-wbc-locomotion/demo_videos/stage13_5a_r1_mujoco_offscreen_2400step_mixed_baseline_demo_720p.mp4",
  "video_exists": true,
  "video_size_bytes": 0,
  "render_width": 640,
  "render_height": 480,
  "output_width": 1280,
  "output_height": 720,
  "fps": 30,
  "render_every": 4,
  "mj_steps_seen": 12,
  "frames_rendered": 2,
  "ffmpeg_returncode": 234,
  "ffmpeg_stderr_tail": "ffmpeg version 6.1.1-3ubuntu5 Copyright (c) 2000-2023 the FFmpeg developers\n  built with gcc 13 (Ubuntu 13.2.0-23ubuntu3)\n  configuration: --prefix=/usr --extra-version=3ubuntu5 --toolchain=hardened --libdir=/usr/lib/x86_64-linux-gnu --incdir=/usr/include/x86_64-linux-gnu --arch=amd64 --enable-gpl --disable-stripping --disable-omx --enable-gnutls --enable-libaom --enable-libass --enable-libbs2b --enable-libcaca --enable-libcdio --enable-libcodec2 --enable-libdav1d --enable-libflite --enable-libfontconfig --enable-libfreetype --enable-libfribidi --enable-libglslang --enable-libgme --enable-libgsm --enable-libharfbuzz --enable-libmp3lame --enable-libmysofa --enable-libopenjpeg --enable-libopenmpt --enable-libopus --enable-librubberband --enable-libshine --enable-libsnappy --enable-libsoxr --enable-libspeex --enable-libtheora --enable-libtwolame --enable-libvidstab --enable-libvorbis --enable-libvpx --enable-libwebp --enable-libx265 --enable-libxml2 --enable-libxvid --enable-libzimg --enable-openal --enable-opencl --enable-opengl --disable-sndio --enable-libvpl --disable-libmfx --enable-libdc1394 --enable-libdrm --enable-libiec61883 --enable-chromaprint --enable-frei0r --enable-ladspa --enable-libbluray --enable-libjack --enable-libpulse --enable-librabbitmq --enable-librist --enable-libsrt --enable-libssh --enable-libsvtav1 --enable-libx264 --enable-libzmq --enable-libzvbi --enable-lv2 --enable-sdl2 --enable-libplacebo --enable-librav1e --enable-pocketsphinx --enable-librsvg --enable-libjxl --enable-shared\n  libavutil      58. 29.100 / 58. 29.100\n  libavcodec     60. 31.102 / 60. 31.102\n  libavformat    60. 16.100 / 60. 16.100\n  libavdevice    60.  3.100 / 60.  3.100\n  libavfilter     9. 12.100 /  9. 12.100\n  libswscale      7.  5.100 /  7.  5.100\n  libswresample   4. 12.100 /  4. 12.100\n  libpostproc    57.  3.100 / 57.  3.100\nInput #0, rawvideo, from 'fd:':\n  Duration: N/A, start: 0.000000, bitrate: 221184 kb/s\n  Stream #0:0: Video: rawvideo (RGB[24] / 0x18424752), rgb24, 640x480, 221184 kb/s, 30 tbr, 30 tbn\nStream mapping:\n  Stream #0:0 -> #0:0 (rawvideo (native) -> h264 (libx264))\n[Parsed_pad_1 @ 0x55d6c6524300] Padded dimensions cannot be smaller than input dimensions.\n[Parsed_pad_1 @ 0x55d6c6524300] Failed to configure input pad on Parsed_pad_1\n[vf#0:0 @ 0x55d6c64d1540] Error reinitializing filters!\nFailed to inject frame into filter network: Invalid argument\nError while filtering: Invalid argument\n[out#0/mp4 @ 0x55d6c6521c00] Nothing was written into output file, because at least one of its streams received no packets.\nframe=    0 fps=0.0 q=0.0 Lsize=       0kB time=N/A bitrate=N/A speed=N/A    \nConversion failed!\n",
  "demo_rollout_log": "/home/zanshi/robot-mpc-wbc-locomotion/results/logs_sample/stage13_5a_r1_video_rollout_mixed_baseline_log.csv",
  "demo_rollout_summary_csv": "/home/zanshi/robot-mpc-wbc-locomotion/results/logs_sample/stage13_5a_r1_video_rollout_mixed_baseline_summary.csv",
  "exception_text": "Traceback (most recent call last):\n  File \"/home/zanshi/robot-mpc-wbc-locomotion/scripts/stage13_5a_r1_mujoco_offscreen_rollout_video_640fb.py\", line 180, in run_child\n    mod.main()\n  File \"/home/zanshi/robot-mpc-wbc-locomotion/scripts/stage13_2_2400step_simulation_only_mixed_baseline_runner.py\", line 200, in main\n    mujoco.mj_step(model, data)\n  File \"/home/zanshi/robot-mpc-wbc-locomotion/scripts/stage13_5a_r1_mujoco_offscreen_rollout_video_640fb.py\", line 168, in wrapped_mj_step\n    recorder.after_step(model, data, mujoco)\n  File \"/home/zanshi/robot-mpc-wbc-locomotion/scripts/stage13_5a_r1_mujoco_offscreen_rollout_video_640fb.py\", line 116, in after_step\n    self.proc.stdin.write(frame.tobytes())\nBrokenPipeError: [Errno 32] Broken pipe\n"
}
