Stage 7 online full WBC scheduler recommended run
scheduler=phase_trot
total_steps=2400
dt=0.002
period_steps=400
half_period_steps=200
trot_FR_RL_steps=1200
trot_FL_RR_steps=1200
transition_count=11
kp_posture=60.0
kd_posture=2.0
torque_limit=23.7
base_qdd_z_ref=0.03
swing_acc_ref_x=0.1
swing_acc_ref_y=0.0
swing_acc_ref_z=0.2
ramp_alpha=0.15
initial_z=0.284805846483
final_z=0.304968764218
min_z=0.284525843843
max_z=0.325211798729
delta_z=0.020162917735
final_roll=0.116402583877
final_pitch=0.060223800924
max_abs_roll=0.163118252883
roll_margin_to_limit=0.036881747117
max_abs_pitch=0.106881861177
pitch_margin_to_limit=0.093118138823
z_margin_to_limit=0.064525843843
max_tau_pd_abs=17.914484841257
max_tau_wbc_abs=10.722716789116
max_tau_total_abs=11.520998707973
max_cmd_step_jump_norm=3.444357031147
max_cmd_step_jump_abs=1.782238605127
max_dyn_res_norm=1.072235565455e-07
max_stance_acc_res_norm=4.121509819804e-09
max_swing_acc_error_norm=6.846131992978e-01
qp_fail_steps=0
saturation_steps=0
pass=True
pass_margin=True
saved_log=results/logs_sample/stage13_2_2400step_online_full_wbc_scheduler_log.csv
saved_summary=results/logs_sample/stage13_2_2400step_online_full_wbc_scheduler_summary.csv
