{
  "stage": "12.21-R2B",
  "name": "robust_subscriber_warmup_bounded_streaming_rerun",
  "timestamp": "2026-06-04T09:29:35",
  "pass": true,
  "fail_reasons": [],
  "source_changed": false,
  "torque_enable_ready": false,
  "torque_publisher_enabled": false,
  "hardware_deployment_completed": false,
  "control_law_changed": false,
  "source_hash": "b2d7371786b58300ca68be5542372d5cf8aa2814678b9f451e09bdb8061aa138",
  "source_hash_matches_stage1220e": true,
  "publish_call_count": 1,
  "source_has_four_flag_gate": true,
  "source_has_continuous_timer": true,
  "node_seen": true,
  "subscriber_ready_before_activation": true,
  "capture_returncode": 0,
  "after_stop_subscriber_ready": true,
  "after_stop_capture_returncode": 0,
  "capture_ok": true,
  "stream_message_count": 6,
  "stream_payload_lengths": [
    12,
    12,
    12,
    12,
    12,
    12
  ],
  "stream_message_count_in_1_to_30": true,
  "all_stream_payloads_length_12": true,
  "all_stream_payload_values_finite": true,
  "all_stream_payload_values_zero_safe": true,
  "after_stop_message_count": 0,
  "after_stop_no_messages": true,
  "param_success_count": 10,
  "param_set_ok": true,
  "final_flags_false": true,
  "target_process_after_count": 0,
  "checks": {
    "source_hash_matches_stage1220e": true,
    "publish_call_count_is_1": true,
    "source_has_four_flag_gate": true,
    "source_has_continuous_timer": true,
    "node_seen": true,
    "subscriber_ready_before_activation": true,
    "capture_ok": true,
    "param_set_ok": true,
    "stream_message_count_in_1_to_30": true,
    "all_stream_payloads_length_12": true,
    "all_stream_payload_values_finite": true,
    "all_stream_payload_values_zero_safe": true,
    "final_flags_false": true,
    "after_stop_no_messages": true,
    "target_process_after_count_is_0": true
  },
  "continuous_torque_streaming_completed": true,
  "logs": {
    "node_log": "/home/zanshi/robot-mpc-wbc-locomotion/results/logs_sample/stage12_21_r2b_node.log",
    "capture_json": "/home/zanshi/robot-mpc-wbc-locomotion/results/logs_sample/stage12_21_r2b_capture.json",
    "capture_log": "/home/zanshi/robot-mpc-wbc-locomotion/results/logs_sample/stage12_21_r2b_capture.log",
    "after_stop_capture_json": "/home/zanshi/robot-mpc-wbc-locomotion/results/logs_sample/stage12_21_r2b_after_stop_capture.json",
    "after_stop_capture_log": "/home/zanshi/robot-mpc-wbc-locomotion/results/logs_sample/stage12_21_r2b_after_stop_capture.log",
    "param_set_log": "/home/zanshi/robot-mpc-wbc-locomotion/results/logs_sample/stage12_21_r2b_param_set.log",
    "param_final_log": "/home/zanshi/robot-mpc-wbc-locomotion/results/logs_sample/stage12_21_r2b_param_final.log",
    "processes_after": "/home/zanshi/robot-mpc-wbc-locomotion/results/logs_sample/stage12_21_r2b_processes_after.log"
  }
}
