{
  "stage": "13.5A-R1",
  "name": "mujoco_offscreen_rollout_video_640fb",
  "timestamp": "2026-06-04T11:13:50",
  "pass": false,
  "fail_reasons": [
    "AttributeError(\"'NoneType' object has no attribute 'glGetError'\")",
    "no frames rendered",
    "video file missing or empty"
  ],
  "simulation_only_project": true,
  "hardware_deployment_scope": "out_of_scope_by_user_constraint",
  "hardware_deployment_completed": false,
  "torque_enable_ready": false,
  "torque_publisher_enabled": false,
  "control_law_changed": false,
  "baseline_type": "mixed_online_control_baseline",
  "method": "MuJoCo offscreen rendering at 640x480 + policy rollout + raw RGB pipe to ffmpeg + 720p encode",
  "mujoco_gl_backend": "osmesa",
  "runner": "/home/zanshi/robot-mpc-wbc-locomotion/scripts/stage13_2_2400step_simulation_only_mixed_baseline_runner.py",
  "video_path": "/home/zanshi/robot-mpc-wbc-locomotion/demo_videos/stage13_5a_r1_mujoco_offscreen_2400step_mixed_baseline_demo_720p.mp4",
  "video_exists": false,
  "video_size_bytes": null,
  "render_width": 640,
  "render_height": 480,
  "output_width": 1280,
  "output_height": 720,
  "fps": 30,
  "render_every": 4,
  "mj_steps_seen": 0,
  "frames_rendered": 0,
  "ffmpeg_returncode": null,
  "ffmpeg_stderr_tail": "",
  "demo_rollout_log": "/home/zanshi/robot-mpc-wbc-locomotion/results/logs_sample/stage13_5a_r1_video_rollout_mixed_baseline_log.csv",
  "demo_rollout_summary_csv": "/home/zanshi/robot-mpc-wbc-locomotion/results/logs_sample/stage13_5a_r1_video_rollout_mixed_baseline_summary.csv",
  "exception_text": "Traceback (most recent call last):\n  File \"/home/zanshi/robot-mpc-wbc-locomotion/scripts/stage13_5a_r1_mujoco_offscreen_rollout_video_640fb.py\", line 162, in run_child\n    import mujoco\n  File \"/home/zanshi/.local/lib/python3.12/site-packages/mujoco/__init__.py\", line 68, in <module>\n    from mujoco.rendering.classic.renderer import Renderer  # pytype: disable=import-error\n    ^^^^^^^^^^^^^^^^^^^^^^^^^^^^^^^^^^^^^^^^^^^^^^^^^^^^^^\n  File \"/home/zanshi/.local/lib/python3.12/site-packages/mujoco/rendering/classic/renderer.py\", line 20, in <module>\n    from mujoco.rendering.classic import gl_context\n  File \"/home/zanshi/.local/lib/python3.12/site-packages/mujoco/rendering/classic/gl_context.py\", line 38, in <module>\n    from mujoco.osmesa import GLContext as _GLContext\n  File \"/home/zanshi/.local/lib/python3.12/site-packages/mujoco/osmesa/__init__.py\", line 31, in <module>\n    from OpenGL import GL\n  File \"/home/zanshi/.local/lib/python3.12/site-packages/OpenGL/GL/__init__.py\", line 4, in <module>\n    from OpenGL.GL.VERSION.GL_1_1 import *\n  File \"/home/zanshi/.local/lib/python3.12/site-packages/OpenGL/GL/VERSION/GL_1_1.py\", line 14, in <module>\n    from OpenGL.raw.GL.VERSION.GL_1_1 import *\n  File \"/home/zanshi/.local/lib/python3.12/site-packages/OpenGL/raw/GL/VERSION/GL_1_1.py\", line 7, in <module>\n    from OpenGL.raw.GL import _errors\n  File \"/home/zanshi/.local/lib/python3.12/site-packages/OpenGL/raw/GL/_errors.py\", line 4, in <module>\n    _error_checker = _ErrorChecker( _p, _p.GL.glGetError )\n                                        ^^^^^^^^^^^^^^^^\nAttributeError: 'NoneType' object has no attribute 'glGetError'\n"
}
